<?xml version="1.0" encoding="UTF-8"?>
<testng-results skipped="0" failed="0" ignored="0" total="1" passed="1">
  <reporter-output>
  </reporter-output>
  <suite name="Command line suite" duration-ms="7" started-at="2017-07-10T12:22:13Z" finished-at="2017-07-10T12:22:13Z">
    <groups>
    </groups>
    <test name="Command line test" duration-ms="7" started-at="2017-07-10T12:22:13Z" finished-at="2017-07-10T12:22:13Z">
      <class name="NATgeo.mygeo.AppTest">
        <test-method status="PASS" signature="testApp()[pri:0, instance:testApp(NATgeo.mygeo.AppTest)]" name="testApp" duration-ms="1" started-at="2017-07-10T17:52:13Z" finished-at="2017-07-10T17:52:13Z">
          <reporter-output>
          </reporter-output>
        </test-method> <!-- testApp -->
      </class> <!-- NATgeo.mygeo.AppTest -->
    </test> <!-- Command line test -->
  </suite> <!-- Command line suite -->
</testng-results>
