<?xml version="1.0" encoding="UTF-8"?>
<!-- Generated by org.testng.reporters.JUnitXMLReporter -->
<testsuite hostname="asda1712po02529" ignored="0" name="Surefire test" tests="9" failures="0" timestamp="10 Jul 2017 05:59:29 GMT" time="0.026" errors="0">
  <testcase name="test6" time="0.0" classname="NATgeo.mygeo.TesttheFlow"/>
  <testcase name="test5" time="0.0" classname="NATgeo.mygeo.TesttheFlow"/>
  <testcase name="test4" time="0.0" classname="NATgeo.mygeo.TesttheFlow"/>
  <testcase name="test3" time="0.0" classname="NATgeo.mygeo.TesttheFlow"/>
  <testcase name="test2" time="0.0" classname="NATgeo.mygeo.TesttheFlow"/>
  <testcase name="test1" time="0.001" classname="NATgeo.mygeo.TesttheFlow"/>
  <testcase name="test7" time="0.0" classname="NATgeo.mygeo.TesttheFlow"/>
  <testcase name="test8" time="0.0" classname="NATgeo.mygeo.TesttheFlow"/>
  <testcase name="test9" time="0.0" classname="NATgeo.mygeo.TesttheFlow"/>
</testsuite> <!-- Surefire test -->
