<?xml version="1.0" encoding="UTF-8"?>
<!-- Generated by org.testng.reporters.JUnitXMLReporter -->
<testsuite hostname="asda1712po02529" ignored="0" name="Default test" tests="7" failures="0" timestamp="26 Jul 2017 14:10:51 GMT" time="9.754" errors="0">
  <testcase name="TestA_test_the_green_box_function" time="3.211" classname="Tests.tatoc.basic.Test1"/>
  <testcase name="TestF_test_the_form_filling" time="0.651" classname="Tests.tatoc.basic.Test1"/>
  <testcase name="TestG_test_the_token_getting_cookie_setting" time="0.433" classname="Tests.tatoc.basic.Test1"/>
  <testcase name="TestB_test_the_red_box_function" time="2.937" classname="Tests.tatoc.basic.Test1"/>
  <testcase name="TestC_test_matching_for_the_two_colour_boxes" time="0.763" classname="Tests.tatoc.basic.Test1"/>
  <testcase name="TestD_test_the_wrong_drop_of_element" time="0.284" classname="Tests.tatoc.basic.Test1"/>
  <testcase name="TestE_check_the_drag_and_drop_function" time="0.256" classname="Tests.tatoc.basic.Test1"/>
</testsuite> <!-- Default test -->
