<?xml version="1.0" encoding="UTF-8"?>
<!-- Generated by org.testng.reporters.JUnitXMLReporter -->
<testsuite hostname="asda1712po02529" ignored="0" name="login" tests="11" failures="0" timestamp="17 Jul 2017 06:56:24 GMT" time="0.077" errors="0">
  <testcase name="print" time="0.006" classname="Tests.Login.Test3.Testta"/>
  <testcase name="print" time="0.004" classname="Tests.TesttheFlow.TesttheFlow"/>
  <testcase name="test6" time="0.004" classname="Tests.TesttheFlow.TesttheFlow"/>
  <testcase name="test5" time="0.001" classname="Tests.TesttheFlow.TesttheFlow"/>
  <testcase name="test4" time="0.001" classname="Tests.TesttheFlow.TesttheFlow"/>
  <testcase name="test3" time="0.001" classname="Tests.TesttheFlow.TesttheFlow"/>
  <testcase name="test2" time="0.003" classname="Tests.TesttheFlow.TesttheFlow"/>
  <testcase name="test1" time="0.001" classname="Tests.TesttheFlow.TesttheFlow"/>
  <testcase name="test7" time="0.001" classname="Tests.TesttheFlow.TesttheFlow"/>
  <testcase name="test8" time="0.001" classname="Tests.TesttheFlow.TesttheFlow"/>
  <testcase name="test9" time="0.001" classname="Tests.TesttheFlow.TesttheFlow"/>
</testsuite> <!-- login -->
