<?xml version="1.0" encoding="UTF-8"?>
<!-- Generated by org.testng.reporters.JUnitXMLReporter -->
<testsuite hostname="asda1712po02529" ignored="0" name="Command line test" tests="12" failures="0" timestamp="17 Jul 2017 06:30:00 GMT" time="10.797" errors="0">
  <testcase name="TestA_user_invalid_login_check" time="3.614" classname="Tests.Login.LoginTest"/>
  <testcase name="TestB_user_login_check" time="4.539" classname="Tests.Login.LoginTest"/>
  <testcase name="TestC_user_logout_check" time="1.51" classname="Tests.Login.LoginTest"/>
  <testcase name="test6" time="0.0" classname="Tests.Login.TesttheFlow"/>
  <testcase name="test5" time="0.0" classname="Tests.Login.TesttheFlow"/>
  <testcase name="test4" time="0.0" classname="Tests.Login.TesttheFlow"/>
  <testcase name="test3" time="0.0" classname="Tests.Login.TesttheFlow"/>
  <testcase name="test2" time="0.0" classname="Tests.Login.TesttheFlow"/>
  <testcase name="test1" time="0.0" classname="Tests.Login.TesttheFlow"/>
  <testcase name="test7" time="0.0" classname="Tests.Login.TesttheFlow"/>
  <testcase name="test8" time="0.0" classname="Tests.Login.TesttheFlow"/>
  <testcase name="test9" time="0.001" classname="Tests.Login.TesttheFlow"/>
</testsuite> <!-- Command line test -->
