<?xml version="1.0" encoding="UTF-8"?>
<testng-results skipped="0" failed="0" ignored="0" total="4" passed="4">
  <reporter-output>
  </reporter-output>
  <suite name="Default suite" duration-ms="8543" started-at="2017-07-26T12:59:14Z" finished-at="2017-07-26T12:59:22Z">
    <groups>
    </groups>
    <test name="Default test" duration-ms="8543" started-at="2017-07-26T12:59:14Z" finished-at="2017-07-26T12:59:22Z">
      <class name="Tests.tatoc.advanced.Test2">
        <test-method status="PASS" signature="Initializer()[pri:0, instance:Tests.tatoc.advanced.Test2@3c0ecd4b]" name="Initializer" is-config="true" duration-ms="912" started-at="2017-07-26T18:29:14Z" finished-at="2017-07-26T18:29:15Z">
          <reporter-output>
          </reporter-output>
        </test-method> <!-- Initializer -->
        <test-method status="PASS" signature="TestA_on_hover_menu()[pri:0, instance:Tests.tatoc.advanced.Test2@3c0ecd4b]" name="TestA_on_hover_menu" duration-ms="1246" started-at="2017-07-26T18:29:15Z" finished-at="2017-07-26T18:29:16Z">
          <reporter-output>
          </reporter-output>
        </test-method> <!-- TestA_on_hover_menu -->
        <test-method status="PASS" signature="TestA_check_the_database()[pri:0, instance:Tests.tatoc.advanced.Test2@3c0ecd4b]" name="TestA_check_the_database" duration-ms="1241" started-at="2017-07-26T18:29:16Z" depends-on-methods="Tests.tatoc.advanced.Test2.TestA_on_hover_menu" finished-at="2017-07-26T18:29:17Z">
          <reporter-output>
          </reporter-output>
        </test-method> <!-- TestA_check_the_database -->
        <test-method status="PASS" signature="TestA_check_after_vedio_playback()[pri:0, instance:Tests.tatoc.advanced.Test2@3c0ecd4b]" name="TestA_check_after_vedio_playback" duration-ms="810" started-at="2017-07-26T18:29:17Z" depends-on-methods="Tests.tatoc.advanced.Test2.TestA_check_the_database" finished-at="2017-07-26T18:29:18Z">
          <reporter-output>
          </reporter-output>
        </test-method> <!-- TestA_check_after_vedio_playback -->
        <test-method status="PASS" signature="TestA_check_file_handle()[pri:0, instance:Tests.tatoc.advanced.Test2@3c0ecd4b]" name="TestA_check_file_handle" duration-ms="4308" started-at="2017-07-26T18:29:18Z" depends-on-methods="Tests.tatoc.advanced.Test2.TestA_check_after_vedio_playback" finished-at="2017-07-26T18:29:22Z">
          <reporter-output>
          </reporter-output>
        </test-method> <!-- TestA_check_file_handle -->
      </class> <!-- Tests.tatoc.advanced.Test2 -->
    </test> <!-- Default test -->
  </suite> <!-- Default suite -->
</testng-results>
